<?xml version="1.0" encoding="UTF-8"?>
<!-- Generated by org.testng.reporters.JUnitXMLReporter -->
<testsuite ignored="0" hostname="DESKTOP-S28FG7M" failures="0" tests="4" name="Test" time="12.15" errors="0" timestamp="2024-04-14T14:16:03 IST">
  <testcase classname="TestCase.com.TestCase" name="testBox" time="5.674"/>
  <testcase classname="TestCase.com.TestCase" name="webTable" time="0.242"/>
  <testcase classname="TestCase.com.TestCase" name="dyanmicElement" time="0.39"/>
  <testcase classname="TestCase.com.TestCase" name="fileUpload" time="0.391"/>
</testsuite> <!-- Test -->
